This is e-upTeX, Version 3.141592653-p4.1.2-u2.00-250202-2.6 (utf8.euc) (TeX Live 2025) (preloaded format=platex 2025.12.18)  19 DEC 2025 12:06
entering extended mode
 restricted \write18 enabled.
 %&-line parsing enabled.
**jsample.tex
(./jsample.tex
pLaTeX2e <2023-02-14>+1, based on
LaTeX2e <2025-11-01>
L3 programming layer <2025-11-14>
(./ipsj.cls
Document Class: ipsj 2025/02/05 v4.1 IPSJ class
(/usr/local/texlive/2025/texmf-dist/tex/latex/graphics/color.sty
Package: color 2025/01/14 v1.3e Standard LaTeX Color (DPC)

(/usr/local/texlive/2025/texmf-dist/tex/latex/graphics-cfg/color.cfg
File: color.cfg 2016/01/02 v1.6 sample color configuration
)
Package color Info: Driver file: dvips.def on input line 149.

(/usr/local/texlive/2025/texmf-dist/tex/latex/graphics-def/dvips.def
File: dvips.def 2025/01/21 v3.2a Graphics/color driver for dvips
)
(/usr/local/texlive/2025/texmf-dist/tex/latex/graphics/dvipsnam.def
File: dvipsnam.def 2016/06/17 v3.0m Driver-dependent file (DPC,SPQR)
)
(/usr/local/texlive/2025/texmf-dist/tex/latex/graphics/mathcolor.ltx))
\c@@paper=\count274
\h=\dimen164
\JQ=\dimen165
\Q=\dimen166
\@Q=\dimen167
\ChtE=\skip49
\CdpE=\skip50
\CwdE=\skip51
\CvsE=\skip52
\normalbaselineskip=\skip53
\c@volume=\count275
\c@number=\count276
\c@month=\count277
\c@year=\count278
\author@count=\count279
\label@count=\count280
\email@count=\count281
\affiliate@count=\count282
\offsetemail=\count283
\paffiliate@count=\count284
\shubetutitlesep=\skip54
\JEhonbunsep=\skip55
\Etitleauthorsep=\skip56
\Eauthorreceivesep=\skip57
\Ereceiveabstsep=\skip58
\Eabstkeywordsep=\skip59
\Jtitlejauthorsep=\skip60
\Jauthorjreceivesep=\skip61
\Jreceivejabstsep=\skip62
\Jabstsepjkeyword=\skip63
\Jkeywordetitle=\skip64
\Jetitleeauthor=\skip65
\Jeauthorereceivesep=\skip66
\Jereceiveeabstsep=\skip67
\Jeabstekeywordsep=\skip68
\@abstractbox=\box70
\@eabstractbox=\box71
\@jkeywordbox=\box72
\@ekeywordbox=\box73
\@keywordbox=\box74
\c@part=\count285
\c@section=\count286
\c@subsection=\count287
\c@subsubsection=\count288
\c@paragraph=\count289
\c@subparagraph=\count290
\@tempboxb=\box75
\SECTwd=\box76
\section@height=\skip69
\@abovecapskip=\dimen168
\@belowcapskip=\dimen169
\c@figure=\count291
\c@table=\count292
\abovecaptionskip=\skip70
\belowcaptionskip=\skip71
\@tempboxb=\box77
\capwidth=\dimen170
\ecapwidth=\dimen171
\bibindent=\dimen172
\c@profile=\count293
\mathindent=\dimen173
\@dummyfigbox=\box78
\twocolcapwidth=\dimen174
\twocolecapwidth=\dimen175
\@compare@result=\count294
)
(/usr/local/texlive/2025/texmf-dist/tex/latex/graphics/graphicx.sty
Package: graphicx 2024/12/31 v1.2e Enhanced LaTeX Graphics (DPC,SPQR)

(/usr/local/texlive/2025/texmf-dist/tex/latex/graphics/keyval.sty
Package: keyval 2022/05/29 v1.15 key=value parser (DPC)
\KV@toks@=\toks18
)
(/usr/local/texlive/2025/texmf-dist/tex/latex/graphics/graphics.sty
Package: graphics 2024/08/06 v1.4g Standard LaTeX Graphics (DPC,SPQR)

(/usr/local/texlive/2025/texmf-dist/tex/latex/graphics/trig.sty
Package: trig 2023/12/02 v1.11 sin cos tan (DPC)
)
(/usr/local/texlive/2025/texmf-dist/tex/latex/graphics-cfg/graphics.cfg
File: graphics.cfg 2016/06/04 v1.11 sample graphics configuration
)
Package graphics Info: Driver file: dvips.def on input line 106.
)
\Gin@req@height=\dimen176
\Gin@req@width=\dimen177
)
(/usr/local/texlive/2025/texmf-dist/tex/latex/base/latexsym.sty
Package: latexsym 1998/08/17 v2.2e Standard LaTeX package (lasy symbols)
\symlasy=\mathgroup4
LaTeX Font Info:    Overwriting symbol font `lasy' in version `bold'
(Font)                  U/lasy/m/n --> U/lasy/b/n on input line 52.
)
(/usr/local/texlive/2025/texmf-dist/tex/latex/l3backend/l3backend-dvips.def
File: l3backend-dvips.def 2025-10-09 L3 backend support: dvips
\l__pdfannot_backend_content_box=\box79
\l__pdfannot_backend_model_box=\box80
\g__pdfannot_backend_int=\count295
\g__pdfannot_backend_link_int=\count296
\g__pdfannot_backend_link_sf_int=\count297
)
No file jsample.aux.
\openout1 = `jsample.aux'.

LaTeX Font Info:    Checking defaults for OML/cmm/m/it on input line 26.
LaTeX Font Info:    ... okay on input line 26.
LaTeX Font Info:    Checking defaults for OMS/cmsy/m/n on input line 26.
LaTeX Font Info:    ... okay on input line 26.
LaTeX Font Info:    Checking defaults for OT1/cmr/m/n on input line 26.
LaTeX Font Info:    ... okay on input line 26.
LaTeX Font Info:    Checking defaults for T1/cmr/m/n on input line 26.
LaTeX Font Info:    ... okay on input line 26.
LaTeX Font Info:    Checking defaults for TS1/cmr/m/n on input line 26.
LaTeX Font Info:    ... okay on input line 26.
LaTeX Font Info:    Checking defaults for OMX/cmex/m/n on input line 26.
LaTeX Font Info:    ... okay on input line 26.
LaTeX Font Info:    Checking defaults for U/cmr/m/n on input line 26.
LaTeX Font Info:    ... okay on input line 26.
LaTeX Font Info:    Checking defaults for JY1/mc/m/n on input line 26.
LaTeX Font Info:    ... okay on input line 26.
LaTeX Font Info:    Checking defaults for JT1/mc/m/n on input line 26.
LaTeX Font Info:    ... okay on input line 26.
LaTeX Font Info:    Font shape `JT1/mc/bx/n' in size <8.8711> not available
(Font)              Font shape `JT1/gt/m/n' tried instead on input line 46.
LaTeX Font Info:    Font shape `JY1/mc/bx/n' in size <8.8711> not available
(Font)              Font shape `JY1/gt/m/n' tried instead on input line 46.
LaTeX Font Info:    Calculating math sizes for size <8.8711> on input line 50.
LaTeX Font Info:    Font shape `JT1/mc/m/it' in size <8.5373> not available
(Font)              Font shape `JT1/mc/m/n' tried instead on input line 62.
LaTeX Font Info:    Font shape `JY1/mc/m/it' in size <8.5373> not available
(Font)              Font shape `JY1/mc/m/n' tried instead on input line 62.
LaTeX Font Info:    Font shape `JT1/mc/bx/it' in size <8.5373> not available
(Font)              Font shape `JT1/gt/m/n' tried instead on input line 62.
LaTeX Font Info:    Font shape `JY1/mc/bx/it' in size <8.5373> not available
(Font)              Font shape `JY1/gt/m/n' tried instead on input line 62.
LaTeX Font Info:    Calculating math sizes for size <8.5373> on input line 65.
LaTeX Font Info:    Font shape `JT1/gt/bx/n' in size <19.2207> not available
(Font)              Font shape `JT1/gt/m/n' tried instead on input line 74.
LaTeX Font Info:    Font shape `JY1/gt/bx/n' in size <19.2207> not available
(Font)              Font shape `JY1/gt/m/n' tried instead on input line 74.
LaTeX Font Info:    Calculating math sizes for size <9.61035> on input line 74.

LaTeX Font Info:    Calculating math sizes for size <11.82813> on input line 74
.
LaTeX Font Info:    Calculating math sizes for size <8.27965> on input line 74.

LaTeX Font Info:    Font shape `JT1/mc/bx/n' in size <14.22882> not available
(Font)              Font shape `JT1/gt/m/n' tried instead on input line 74.
LaTeX Font Info:    Font shape `JY1/mc/bx/n' in size <14.22882> not available
(Font)              Font shape `JY1/gt/m/n' tried instead on input line 74.
LaTeX Font Info:    Font shape `JT1/mc/m/sc' in size <10.34961> not available
(Font)              Font shape `JT1/mc/m/n' tried instead on input line 74.
LaTeX Font Info:    Font shape `JY1/mc/m/sc' in size <10.34961> not available
(Font)              Font shape `JY1/mc/m/n' tried instead on input line 74.
LaTeX Font Info:    Calculating math sizes for size <10.34961> on input line 74
.
LaTeX Font Info:    Font shape `JT1/mc/m/sc' in size <7.24469> not available
(Font)              Font shape `JT1/mc/m/n' tried instead on input line 74.
LaTeX Font Info:    Font shape `JY1/mc/m/sc' in size <7.24469> not available
(Font)              Font shape `JY1/mc/m/n' tried instead on input line 74.
LaTeX Font Info:    Calculating math sizes for size <7.24469> on input line 74.

LaTeX Font Info:    Calculating math sizes for size <8.13184> on input line 74.

LaTeX Font Info:    Calculating math sizes for size <5.69225> on input line 74.

LaTeX Font Info:    Font shape `JT1/mc/bx/n' in size <11.82813> not available
(Font)              Font shape `JT1/gt/m/n' tried instead on input line 77.
LaTeX Font Info:    Font shape `JY1/mc/bx/n' in size <11.82813> not available
(Font)              Font shape `JY1/gt/m/n' tried instead on input line 77.
LaTeX Font Info:    Font shape `JT1/mc/bx/n' in size <9.61035> not available
(Font)              Font shape `JT1/gt/m/n' tried instead on input line 93.
LaTeX Font Info:    Font shape `JY1/mc/bx/n' in size <9.61035> not available
(Font)              Font shape `JY1/gt/m/n' tried instead on input line 93.

LaTeX Warning: Reference `sec:format' on page 1 undefined on input line 93.

LaTeX Font Info:    Font shape `JT1/mc/bx/n' in size <9.24873> not available
(Font)              Font shape `JT1/gt/m/n' tried instead on input line 114.
LaTeX Font Info:    Font shape `JY1/mc/bx/n' in size <9.24873> not available
(Font)              Font shape `JY1/gt/m/n' tried instead on input line 114.

LaTeX Warning: Reference `ipsj@firstpage' on page 1 undefined on input line 114
.


LaTeX Warning: Reference `ipsj@lastpage' on page 1 undefined on input line 114.


(I search kanjifont definition file: . . ) (I search font definition file: . .
. . . . . )
LaTeX Font Info:    Trying to load font information for OMS+txsy on input line 
114.
 (/usr/local/texlive/2025/texmf-dist/tex/latex/txfonts/omstxsy.fd
File: omstxsy.fd 2000/12/15 v3.1
)
LaTeX Font Info:    Trying to load font information for OT1+ptm on input line 1
14.

(/usr/local/texlive/2025/texmf-dist/tex/latex/psnfss/ot1ptm.fd
File: ot1ptm.fd 2001/06/04 font definitions for OT1/ptm.
) [1


]
Overfull \hbox (15.76108pt too wide) in paragraph at lines 125--126
[][]\OT1/cmtt/m/n/8.8711 http://www.ipsj.or.jp/journal/submit/style.html 
 []


Overfull \hbox (1.7893pt too wide) in paragraph at lines 165--167
[][]\OT1/cmtt/m/n/8.8711 http://www.ipsj.or.jp/journal/submit/manual/ 
 []

LaTeX Font Info:    Font shape `JT1/mc/bx/n' in size <6.7272> not available
(Font)              Font shape `JT1/gt/m/n' tried instead on input line 189.
LaTeX Font Info:    Font shape `JY1/mc/bx/n' in size <6.7272> not available
(Font)              Font shape `JY1/gt/m/n' tried instead on input line 189.

LaTeX Warning: Citation `okumura' on page 2 undefined on input line 233.


LaTeX Warning: Citation `companion' on page 2 undefined on input line 233.


LaTeX Warning: Reference `sig' on page 2 undefined on input line 243.


LaTeX Warning: Reference `ipsj@firstpage' on page 2 undefined on input line 295
.


LaTeX Warning: Reference `ipsj@lastpage' on page 2 undefined on input line 295.


[2]
LaTeX Font Info:    Font shape `JT1/mc/bx/n' in size <8.13184> not available
(Font)              Font shape `JT1/gt/m/n' tried instead on input line 301.
LaTeX Font Info:    Font shape `JY1/mc/bx/n' in size <8.13184> not available
(Font)              Font shape `JY1/gt/m/n' tried instead on input line 301.


LaTeX Warning: Reference `sig' on page 3 undefined on input line 301.


LaTeX Warning: Reference `ipsj@firstpage' on page 3 undefined on input line 398
.


LaTeX Warning: Reference `ipsj@lastpage' on page 3 undefined on input line 398.


[3]

LaTeX Warning: Reference `ipsj@firstpage' on page 4 undefined on input line 563
.


LaTeX Warning: Reference `ipsj@lastpage' on page 4 undefined on input line 563.


[4]

LaTeX Warning: Reference `fig:single' on page 5 undefined on input line 598.


LaTeX Warning: Reference `fig:single' on page 5 undefined on input line 604.


LaTeX Warning: Reference `fig:left' on page 5 undefined on input line 613.


LaTeX Warning: Reference `tab:right' on page 5 undefined on input line 613.


LaTeX Warning: Reference `tab:right' on page 5 undefined on input line 641.


LaTeX Warning: Reference `tab:right' on page 5 undefined on input line 641.


LaTeX Warning: Reference `tab:right' on page 5 undefined on input line 642.


LaTeX Warning: Reference `fig:left' on page 5 undefined on input line 647.


LaTeX Warning: Reference `fig:left' on page 5 undefined on input line 647.


LaTeX Warning: Reference `fig:left' on page 5 undefined on input line 648.


LaTeX Warning: Reference `fig:left' on page 5 undefined on input line 648.

LaTeX Font Info:    Font shape `JY1/mc/m/n' will be
(Font)              scaled to size 9.60999pt on input line 660.

LaTeX Warning: Reference `fig:double' on page 5 undefined on input line 676.


LaTeX Warning: Reference `fig:double' on page 5 undefined on input line 679.


LaTeX Warning: Reference `tab:example' on page 5 undefined on input line 701.


LaTeX Warning: Citation `companion' on page 5 undefined on input line 744.


LaTeX Warning: Citation `okumura' on page 5 undefined on input line 744.


LaTeX Warning: Reference `ipsj@firstpage' on page 5 undefined on input line 767
.


LaTeX Warning: Reference `ipsj@lastpage' on page 5 undefined on input line 767.


[5]

LaTeX Warning: Citation `webpage2' on page 6 undefined on input line 821.


LaTeX Warning: Citation `book1' on page 6 undefined on input line 823.


LaTeX Warning: Citation `book2' on page 6 undefined on input line 823.


LaTeX Warning: Citation `book3' on page 6 undefined on input line 823.


LaTeX Warning: Citation `book4' on page 6 undefined on input line 823.


LaTeX Warning: Reference `ipsj@firstpage' on page 6 undefined on input line 860
.


LaTeX Warning: Reference `ipsj@lastpage' on page 6 undefined on input line 860.


[6]
LaTeX Font Info:    Font shape `JT1/mc/m/it' in size <8.8711> not available
(Font)              Font shape `JT1/mc/m/n' tried instead on input line 964.
LaTeX Font Info:    Font shape `JY1/mc/m/it' in size <8.8711> not available
(Font)              Font shape `JY1/mc/m/n' tried instead on input line 964.


LaTeX Warning: Reference `ipsj@firstpage' on page 7 undefined on input line 100
8.


LaTeX Warning: Reference `ipsj@lastpage' on page 7 undefined on input line 1008
.

[7]
Underfull \hbox (badness 7256) in paragraph at lines 1037--1041
[]\JY1/mc/m/n/9.61035 また英文論文作成の際には []\OT1/cmtt/m/n/9.61035 english 
\JY1/mc/m/n/9.61035 をオ
 []


Underfull \hbox (badness 10000) in paragraph at lines 1037--1041
\JY1/mc/m/n/9.61035 プシ ョンに追加すればよい ． したが って ，
 []


LaTeX Warning: Reference `config' on page 8 undefined on input line 1083.


LaTeX Warning: Reference `ipsj@firstpage' on page 8 undefined on input line 115
8.


LaTeX Warning: Reference `ipsj@lastpage' on page 8 undefined on input line 1158
.

[8]
LaTeX Font Info:    Font shape `JT1/mc/bx/n' in size <11.08887> not available
(Font)              Font shape `JT1/gt/m/n' tried instead on input line 1261.
LaTeX Font Info:    Font shape `JY1/mc/bx/n' in size <11.08887> not available
(Font)              Font shape `JY1/gt/m/n' tried instead on input line 1261.


LaTeX Warning: Reference `ipsj@firstpage' on page 9 undefined on input line 127
4.


LaTeX Warning: Reference `ipsj@lastpage' on page 9 undefined on input line 1274
.

[9]

LaTeX Warning: Reference `ipsj@firstpage' on page 10 undefined on input line 12
78.


LaTeX Warning: Reference `ipsj@lastpage' on page 10 undefined on input line 127
8.

[10

] (./jsample.aux)
 ***********
pLaTeX2e <2023-02-14>+1, based on
LaTeX2e <2025-11-01>
L3 programming layer <2025-11-14>
 ***********


LaTeX Warning: There were undefined references.


LaTeX Warning: Label(s) may have changed. Rerun to get cross-references right.

 ) 
Here is how much of TeX's memory you used:
 2127 strings out of 468182
 34213 string characters out of 5434877
 450063 words of memory out of 5000000
 31048 multiletter control sequences out of 15000+600000
 679082 words of font info for 271 fonts, out of 8000000 for 9000
 929 hyphenation exceptions out of 8191
 57i,11n,65p,239b,587s stack positions out of 10000i,1000n,20000p,200000b,200000s

Output written on jsample.dvi (10 pages, 71236 bytes).
